<?xml version="1.0" encoding="UTF-8"?>
<robot generator="Robot 6.1 (Python 3.11.4 on win32)" generated="20230630 15:39:13.405" rpa="false" schemaversion="4">
<suite id="s1" name="TestSuite" source="c:\Users\Hishiro\Desktop\test swift\TestSuite.robot">
<test id="s1-t1" name="Open Website And Check Element" line="8">
<kw name="Set Up Browser And Open Website" library="Keyword">
<kw name="Open Browser" library="Browser">
<arg>${website}</arg>
<arg>${browser}</arg>
<tag>BrowserControl</tag>
<tag>Setter</tag>
<doc>Opens a new browser instance. Use this keyword for quick experiments or debugging sessions.</doc>
<msg timestamp="20230630 15:39:14.731" level="WARN">Open Browser is for quick experimentation and debugging only. Use New Page for production.</msg>
<msg timestamp="20230630 15:39:14.734" level="INFO">{"browser": "chromium", "headless": false, "devtools": false, "handleSIGHUP": true, "handleSIGINT": true, "handleSIGTERM": true, "slowMo": 0.0, "timeout": 30000.0, "deprecated_pos_args": [], "tracesDir": "C:\\Users\\Hishiro\\Desktop\\test swift\\browser\\traces\\6e3555d0-d5d1-451f-b46f-258faa1c7d68"}</msg>
<msg timestamp="20230630 15:39:15.235" level="INFO">Successfully created browser with options: {"browser":"chromium","headless":false,"devtools":false,"handleSIGHUP":true,"handleSIGINT":true,"handleSIGTERM":true,"slowMo":0,"timeout":30000,"deprecated_pos_args":[],"tracesDir":"C:\\Users\\Hishiro\\Desktop\\test swift\\browser\\traces\\6e3555d0-d5d1-451f-b46f-258faa1c7d68"}</msg>
<msg timestamp="20230630 15:39:15.236" level="INFO">{
  "acceptDownloads": true,
  "bypassCSP": true,
  "forcedColors": "none",
  "hideRfBrowser": false,
  "ignoreHTTPSErrors": false,
  "javaScriptEnabled": true,
  "offline": false,
  "reducedMotion": "no-preference",
  "viewport": {
    "height": 720,
    "width": 1280
  },
  "deprecated_pos_args": []
}</msg>
<msg timestamp="20230630 15:39:15.261" level="INFO">Successfully created context. </msg>
<msg timestamp="20230630 15:39:15.261" level="INFO">{'acceptDownloads': True, 'bypassCSP': True, 'forcedColors': 'none', 'hideRfBrowser': False, 'ignoreHTTPSErrors': False, 'javaScriptEnabled': True, 'offline': False, 'reducedMotion': 'no-preference', 'viewport': {'height': 720, 'width': 1280}, 'deprecated_pos_args': []}</msg>
<msg timestamp="20230630 15:39:21.902" level="INFO">Successfully initialized new page object and opened url: https://codenboxautomationlab.com/practice/</msg>
<status status="PASS" starttime="20230630 15:39:14.730" endtime="20230630 15:39:21.903"/>
</kw>
<status status="PASS" starttime="20230630 15:39:14.729" endtime="20230630 15:39:21.903"/>
</kw>
<kw name="Verify Website" library="Keyword">
<kw name="Get Url" library="Browser">
<var>${Url}</var>
<tag>Assertion</tag>
<tag>Getter</tag>
<tag>PageContent</tag>
<doc>Returns the current URL.</doc>
<msg timestamp="20230630 15:39:21.909" level="INFO">${Url} = https://codenboxautomationlab.com/practice/</msg>
<status status="PASS" starttime="20230630 15:39:21.905" endtime="20230630 15:39:21.909"/>
</kw>
<kw name="Should Be Equal As Strings" library="BuiltIn">
<arg>${url}</arg>
<arg>${website}</arg>
<doc>Fails if objects are unequal after converting them to strings.</doc>
<status status="PASS" starttime="20230630 15:39:21.909" endtime="20230630 15:39:21.910"/>
</kw>
<status status="PASS" starttime="20230630 15:39:21.904" endtime="20230630 15:39:21.910"/>
</kw>
<kw name="Select Radio button" library="Keyword">
<arg>${rdo_but2}</arg>
<kw name="Wait For Elements State" library="Browser">
<arg>${radio_button}</arg>
<tag>PageContent</tag>
<tag>Wait</tag>
<doc>Waits for the element found by ``selector`` to satisfy state option.</doc>
<msg timestamp="20230630 15:39:21.999" level="INFO">Waited for Element with selector //input[@value="radio2"] at state visible</msg>
<status status="PASS" starttime="20230630 15:39:21.911" endtime="20230630 15:39:21.999"/>
</kw>
<kw name="Check Checkbox" library="Browser">
<arg>${radio_button}</arg>
<tag>PageContent</tag>
<tag>Setter</tag>
<doc>Checks the checkbox or selects radio button found by ``selector``.</doc>
<status status="PASS" starttime="20230630 15:39:22.000" endtime="20230630 15:39:22.250"/>
</kw>
<kw name="Sleep" library="BuiltIn">
<arg>2s</arg>
<doc>Pauses the test executed for the given time.</doc>
<msg timestamp="20230630 15:39:24.252" level="INFO">Slept 2 seconds</msg>
<status status="PASS" starttime="20230630 15:39:22.251" endtime="20230630 15:39:24.252"/>
</kw>
<status status="PASS" starttime="20230630 15:39:21.911" endtime="20230630 15:39:24.252"/>
</kw>
<kw name="Input Text For Dynamic Dropdown" library="Keyword">
<arg>thai</arg>
<kw name="Fill Text" library="Browser">
<arg>${txtbox_dynamic}</arg>
<arg>${text}</arg>
<tag>PageContent</tag>
<tag>Setter</tag>
<doc>Clears and fills the given ``txt`` into the text field found by ``selector``.</doc>
<msg timestamp="20230630 15:39:24.254" level="INFO">Fills the text 'thai' in the given field.</msg>
<status status="PASS" starttime="20230630 15:39:24.253" endtime="20230630 15:39:24.278"/>
</kw>
<kw name="Click" library="Browser">
<arg>${autocomplt_st}</arg>
<tag>PageContent</tag>
<tag>Setter</tag>
<doc>Simulates mouse click on the element found by ``selector``.</doc>
<status status="PASS" starttime="20230630 15:39:24.279" endtime="20230630 15:39:24.637"/>
</kw>
<status status="PASS" starttime="20230630 15:39:24.253" endtime="20230630 15:39:24.638"/>
</kw>
<kw name="Select Drop Down List" library="Keyword">
<kw name="Select Options By" library="Browser">
<var>${selected}</var>
<arg>${dropdrow_list}</arg>
<arg>label</arg>
<arg>API</arg>
<tag>PageContent</tag>
<tag>Setter</tag>
<doc>Selects options from select element found by ``selector``.</doc>
<msg timestamp="20230630 15:39:24.680" level="INFO">${selected} = ['API']</msg>
<status status="PASS" starttime="20230630 15:39:24.639" endtime="20230630 15:39:24.680"/>
</kw>
<status status="PASS" starttime="20230630 15:39:24.638" endtime="20230630 15:39:24.680"/>
</kw>
<kw name="Check Box Option" library="Keyword">
<kw name="Check Checkbox" library="Browser">
<arg>${checkbox_1}</arg>
<tag>PageContent</tag>
<tag>Setter</tag>
<doc>Checks the checkbox or selects radio button found by ``selector``.</doc>
<status status="PASS" starttime="20230630 15:39:24.682" endtime="20230630 15:39:24.797"/>
</kw>
<kw name="Should Contain" library="BuiltIn">
<arg>${checkbox_1}</arg>
<arg>checkBoxOption1</arg>
<doc>Fails if ``container`` does not contain ``item`` one or more times.</doc>
<status status="PASS" starttime="20230630 15:39:24.797" endtime="20230630 15:39:24.798"/>
</kw>
<kw name="Check Checkbox" library="Browser">
<arg>${checkbox_3}</arg>
<tag>PageContent</tag>
<tag>Setter</tag>
<doc>Checks the checkbox or selects radio button found by ``selector``.</doc>
<status status="PASS" starttime="20230630 15:39:24.798" endtime="20230630 15:39:24.864"/>
</kw>
<status status="PASS" starttime="20230630 15:39:24.681" endtime="20230630 15:39:24.864"/>
</kw>
<kw name="Hover Mouse" library="Keyword">
<kw name="Hover" library="Browser">
<arg>${btn_hover}</arg>
<tag>PageContent</tag>
<tag>Setter</tag>
<doc>Moves the virtual mouse and scrolls to the element found by ``selector``.</doc>
<status status="PASS" starttime="20230630 15:39:24.866" endtime="20230630 15:39:24.923"/>
</kw>
<status status="PASS" starttime="20230630 15:39:24.865" endtime="20230630 15:39:24.923"/>
</kw>
<kw name="Sleep" library="BuiltIn">
<arg>5s</arg>
<doc>Pauses the test executed for the given time.</doc>
<msg timestamp="20230630 15:39:29.925" level="INFO">Slept 5 seconds</msg>
<status status="PASS" starttime="20230630 15:39:24.924" endtime="20230630 15:39:29.925"/>
</kw>
<status status="PASS" starttime="20230630 15:39:14.725" endtime="20230630 15:39:29.926"/>
</test>
<status status="PASS" starttime="20230630 15:39:13.411" endtime="20230630 15:39:30.046"/>
</suite>
<statistics>
<total>
<stat pass="1" fail="0" skip="0">All Tests</stat>
</total>
<tag>
</tag>
<suite>
<stat pass="1" fail="0" skip="0" id="s1" name="TestSuite">TestSuite</stat>
</suite>
</statistics>
<errors>
<msg timestamp="20230630 15:39:14.731" level="WARN">Open Browser is for quick experimentation and debugging only. Use New Page for production.</msg>
</errors>
</robot>
