<?xml version="1.0" encoding="UTF-8"?>
<robot generator="Robot 6.1 (Python 3.11.4 on win32)" generated="20230629 02:41:59.766" rpa="false" schemaversion="4">
<suite id="s1" name="Test Swift" source="C:\Users\Hishiro\Desktop\test swift">
<suite id="s1-s1" name="TestSuite" source="C:\Users\Hishiro\Desktop\test swift\TestSuite.robot">
<test id="s1-s1-t1" name="Open Website" line="5">
<kw name="New Page" library="Browser">
<arg>www.google.com</arg>
<tag>BrowserControl</tag>
<tag>Setter</tag>
<doc>Open a new Page.</doc>
<msg timestamp="20230629 02:42:02.320" level="WARN">Keyword 'Take Screenshot  fail-screenshot-{index}' could not be run on failure:
Error: Tried to take screenshot, but no page was open.</msg>
<msg timestamp="20230629 02:42:02.323" level="INFO">See also file:///C:/Users/Hishiro/Desktop/test%20swift/results/playwright-log.txt for additional details.</msg>
<msg timestamp="20230629 02:42:02.323" level="FAIL">Error: page.goto: Protocol error (Page.navigate): Cannot navigate to invalid URL
=========================== logs ===========================
navigating to "www.google.com", waiting until "load"
============================================================</msg>
<status status="FAIL" starttime="20230629 02:42:01.167" endtime="20230629 02:42:02.330"/>
</kw>
<status status="FAIL" starttime="20230629 02:42:01.163" endtime="20230629 02:42:02.331">Error: page.goto: Protocol error (Page.navigate): Cannot navigate to invalid URL
=========================== logs ===========================
navigating to "www.google.com", waiting until "load"
============================================================</status>
</test>
<status status="FAIL" starttime="20230629 02:41:59.815" endtime="20230629 02:42:02.385"/>
</suite>
<status status="FAIL" starttime="20230629 02:41:59.771" endtime="20230629 02:42:02.392"/>
</suite>
<statistics>
<total>
<stat pass="0" fail="1" skip="0">All Tests</stat>
</total>
<tag>
</tag>
<suite>
<stat pass="0" fail="1" skip="0" id="s1" name="Test Swift">Test Swift</stat>
<stat pass="0" fail="1" skip="0" id="s1-s1" name="TestSuite">Test Swift.TestSuite</stat>
</suite>
</statistics>
<errors>
<msg timestamp="20230629 02:42:02.320" level="WARN">Keyword 'Take Screenshot  fail-screenshot-{index}' could not be run on failure:
Error: Tried to take screenshot, but no page was open.</msg>
</errors>
</robot>
